ISim log file
Running: E:\Verilog_tool\p4plus\one_clock_CPU\tb_isim_beh.exe -intstyle ise -gui -tclbatch isim.cmd -wdb E:/Verilog_tool/p4plus/one_clock_CPU/tb_isim_beh.wdb 
ISim P.20131013 (signature 0x7708f090)
This is a Full version of ISim.
Time resolution is 1 ps
# onerror resume
# wave add /
# run 5 ns
Simulator is doing circuit initialization process.
Finished circuit initialization process.
@00003000: $ 1 <= 00010000
# run 1.00us
@00003004: $ 1 <= 0001e240
@00003008: $16 <= 0001e240
@0000300c: $17 <= 00000008
@00003014: $ 8 <= 00000000
# run 1.00us
ISim P.20131013 (signature 0x7708f090)
This is a Full version of ISim.
# run 5 ns
Simulator is doing circuit initialization process.
Finished circuit initialization process.
@00003000: $ 1 <= 00010000
ISim P.20131013 (signature 0x7708f090)
This is a Full version of ISim.
# run 5 ns
Simulator is doing circuit initialization process.
Finished circuit initialization process.
@00003000: $ 1 <= 00010000
# run 5ns
# run 5ns
@00003004: $ 1 <= 0001e240
# run 5ns
# run 5ns
@00003008: $16 <= 0001e240
# run 5ns
ISim P.20131013 (signature 0x7708f090)
This is a Full version of ISim.
# run 5 ns
Simulator is doing circuit initialization process.
Finished circuit initialization process.
@00003000: $ 1 <= 00010000
# run 5ns
# run 5ns
@00003004: $ 1 <= 0001e240
# run 5ns
ISim P.20131013 (signature 0x7708f090)
This is a Full version of ISim.
# run 5 ns
Simulator is doing circuit initialization process.
Finished circuit initialization process.
@00003000: $ 1 <= 00010000
# run 5ns
# run 5ns
@00003004: $ 1 <= 0001e240
# run 5ns
# run 5ns
@00003008: $16 <= 0001e240
# run 5ns
# run 5ns
@0000300c: $17 <= 00000008
# run 5ns
# run 5ns
# run 5ns
# run 5ns
@00003014: $ 8 <= 00000000
ISim P.20131013 (signature 0x7708f090)
This is a Full version of ISim.
# run 5 ns
Simulator is doing circuit initialization process.
Finished circuit initialization process.
@00003000: $ 1 <= 00010000
# run 5ns
# run 5ns
@00003004: $ 1 <= 0001e240
# run 5ns
# run 5ns
@00003008: $16 <= 0001e240
# run 5ns
# run 5ns
@0000300c: $17 <= 00000008
# run 5ns
# run 5ns
# run 5ns
# run 5ns
@00003014: $ 8 <= 00000000
# run 5ns
ISim P.20131013 (signature 0x7708f090)
This is a Full version of ISim.
# run 5 ns
Simulator is doing circuit initialization process.
Finished circuit initialization process.
@00003000: $ 1 <= 00010000
# run 5ns
# run 5ns
@00003004: $ 1 <= 0001e240
# run 5ns
# run 5ns
@00003008: $16 <= 0001e240
# run 5ns
# run 5ns
@0000300c: $17 <= 00000008
# run 5ns
# run 5ns
@00003010: *00000008 <= 0001e240
# run 5ns
# run 5ns
@00003014: $ 8 <= ffffe240
