Running: E:\Verilog_tool\14.7\ISE_DS\ISE\bin\nt64\unwrapped\fuse.exe -intstyle ise -incremental -lib unisims_ver -lib unimacro_ver -lib xilinxcorelib_ver -lib secureip -o E:/Verilog_tool/p4plus/one_clock_CPU/tb_isim_beh.exe -prj E:/Verilog_tool/p4plus/one_clock_CPU/tb_beh.prj work.tb work.glbl 
ISim P.20131013 (signature 0x7708f090)
Number of CPUs detected in this system: 8
Turning on mult-threading, number of parallel sub-compilation jobs: 16 
Determining compilation order of HDL files
Analyzing Verilog file "E:/Verilog_tool/p4plus/one_clock_CPU/PC.v" into library work
Analyzing Verilog file "E:/Verilog_tool/p4plus/one_clock_CPU/NPC.v" into library work
Analyzing Verilog file "E:/Verilog_tool/p4plus/one_clock_CPU/MUX.v" into library work
Analyzing Verilog file "E:/Verilog_tool/p4plus/one_clock_CPU/instr_splitter.v" into library work
Analyzing Verilog file "E:/Verilog_tool/p4plus/one_clock_CPU/IM.v" into library work
Analyzing Verilog file "E:/Verilog_tool/p4plus/one_clock_CPU/GRF.v" into library work
Analyzing Verilog file "E:/Verilog_tool/p4plus/one_clock_CPU/EXT.v" into library work
Analyzing Verilog file "E:/Verilog_tool/p4plus/one_clock_CPU/DM.v" into library work
Analyzing Verilog file "E:/Verilog_tool/p4plus/one_clock_CPU/beqj.v" into library work
Analyzing Verilog file "E:/Verilog_tool/p4plus/one_clock_CPU/ALU.v" into library work
Analyzing Verilog file "E:/Verilog_tool/p4plus/one_clock_CPU/datapath.v" into library work
Analyzing Verilog file "E:/Verilog_tool/p4plus/one_clock_CPU/Controller.v" into library work
Analyzing Verilog file "E:/Verilog_tool/p4plus/one_clock_CPU/mips.v" into library work
Analyzing Verilog file "E:/Verilog_tool/p4plus/one_clock_CPU/tb.v" into library work
Analyzing Verilog file "E:/Verilog_tool/14.7/ISE_DS/ISE//verilog/src/glbl.v" into library work
Starting static elaboration
Completed static elaboration
Compiling module ALU
Compiling module DM
Compiling module EXT
Compiling module GRF
Compiling module IM
Compiling module PC
Compiling module NPC
Compiling module MUX2_32
Compiling module MUX2_5
Compiling module beqj
Compiling module instr_splitter
Compiling module datapath
Compiling module Controller
Compiling module mips
Compiling module tb
Compiling module glbl
Time Resolution for simulation is 1ps.
Waiting for 1 sub-compilation(s) to finish...
Compiled 16 Verilog Units
Built simulation executable E:/Verilog_tool/p4plus/one_clock_CPU/tb_isim_beh.exe
Fuse Memory Usage: 30884 KB
Fuse CPU Usage: 389 ms
