Running: fuse.exe -relaunch -intstyle "ise" -incremental -lib "unisims_ver" -lib "unimacro_ver" -lib "xilinxcorelib_ver" -lib "secureip" -o "E:/Verilog_tool/p1/P1_L0_expression_fsm/test_isim_beh.exe" -prj "E:/Verilog_tool/p1/P1_L0_expression_fsm/test_beh.prj" "work.test" "work.glbl" 
ISim P.20131013 (signature 0x8ef4fb42)
Number of CPUs detected in this system: 8
Turning on mult-threading, number of parallel sub-compilation jobs: 16 
Determining compilation order of HDL files
Analyzing Verilog file "E:/Verilog_tool/p1/P1_L0_expression_fsm/string.v" into library work
Analyzing Verilog file "E:/Verilog_tool/p1/P1_L0_expression_fsm/test.v" into library work
Analyzing Verilog file "E:/Verilog_tool/14.7/ISE_DS/ISE//verilog/src/glbl.v" into library work
Starting static elaboration
Completed static elaboration
Fuse Memory Usage: 159188 KB
Fuse CPU Usage: 171 ms
Compiling module string
Compiling module test
Compiling module glbl
Time Resolution for simulation is 1ps.
Compiled 3 Verilog Units
Built simulation executable E:/Verilog_tool/p1/P1_L0_expression_fsm/test_isim_beh.exe
Fuse Memory Usage: 165524 KB
Fuse CPU Usage: 187 ms
